<?xml version="1.0" encoding="UTF-8"?>
<!-- Generated by org.testng.reporters.JUnitXMLReporter -->
<testsuite ignored="7" hostname="Harish-Yemireddy" failures="0" tests="1" name="Default test" time="15.635" errors="0" timestamp="2023-05-04T01:18:29 IST">
  <testcase classname="test.Main" name="handlingTables" time="6.44"/>
  <testcase classname="test.Main" name="uploadDownload" time="0.0">
    <ignored/>
  </testcase> <!-- uploadDownload -->
  <testcase classname="test.Main" name="test" time="0.0">
    <ignored/>
  </testcase> <!-- test -->
  <testcase classname="test.Main" name="toolsQaTest" time="0.0">
    <ignored/>
  </testcase> <!-- toolsQaTest -->
  <testcase classname="test.Main" name="handlingLocatorinWindows" time="0.0">
    <ignored/>
  </testcase> <!-- handlingLocatorinWindows -->
  <testcase classname="test.Main" name="clearChromeCookies" time="0.0">
    <ignored/>
  </testcase> <!-- clearChromeCookies -->
  <testcase classname="test.Main" name="sauceDemoTest" time="0.0">
    <ignored/>
  </testcase> <!-- sauceDemoTest -->
  <testcase classname="test.Main" name="handlingWindows" time="0.0">
    <ignored/>
  </testcase> <!-- handlingWindows -->
</testsuite> <!-- Default test -->
