<?xml version="1.0" encoding="UTF-8"?>
<testng-results ignored="7" total="8" passed="1" failed="0" skipped="0">
  <reporter-output>
  </reporter-output>
  <suite started-at="2023-05-04T01:18:13 IST" name="Default suite" finished-at="2023-05-04T01:18:29 IST" duration-ms="15635">
    <groups>
    </groups>
    <test started-at="2023-05-04T01:18:13 IST" name="Default test" finished-at="2023-05-04T01:18:29 IST" duration-ms="15635">
      <class name="test.Main">
        <test-method is-config="true" signature="suiteBegins()[pri:0, instance:test.Main@10e31a9a]" started-at="2023-05-04T01:18:13 IST" name="suiteBegins" finished-at="2023-05-04T01:18:13 IST" duration-ms="395" status="PASS">
          <reporter-output>
          </reporter-output>
        </test-method> <!-- suiteBegins -->
        <test-method is-config="true" signature="test_Initialize()[pri:0, instance:test.Main@10e31a9a]" started-at="2023-05-04T01:18:13 IST" name="test_Initialize" finished-at="2023-05-04T01:18:22 IST" duration-ms="8978" status="PASS">
          <reporter-output>
          </reporter-output>
        </test-method> <!-- test_Initialize -->
        <test-method signature="handlingTables()[pri:0, instance:test.Main@10e31a9a]" started-at="2023-05-04T01:18:22 IST" name="handlingTables" finished-at="2023-05-04T01:18:29 IST" duration-ms="6440" status="PASS">
          <reporter-output>
          </reporter-output>
        </test-method> <!-- handlingTables -->
        <test-method is-config="true" signature="test_closure()[pri:0, instance:test.Main@10e31a9a]" started-at="2023-05-04T01:18:29 IST" name="test_closure" finished-at="2023-05-04T01:18:29 IST" duration-ms="192" status="PASS">
          <reporter-output>
          </reporter-output>
        </test-method> <!-- test_closure -->
        <test-method is-config="true" signature="suiteClosure()[pri:0, instance:test.Main@10e31a9a]" started-at="2023-05-04T01:18:29 IST" name="suiteClosure" finished-at="2023-05-04T01:18:29 IST" duration-ms="298" status="PASS">
          <reporter-output>
          </reporter-output>
        </test-method> <!-- suiteClosure -->
      </class> <!-- test.Main -->
    </test> <!-- Default test -->
  </suite> <!-- Default suite -->
</testng-results>
